{"synthetic": false,
 "schemaVersion": "2025-09-10",
 "outputs":
 {"o": ["e584d924d0c7e4d7.olean"],
  "i": "20433e1125b06823.ilean",
  "c": "125792bdf4e3f689.c"},
 "log":
 [{"message":
   ".> LEAN_PATH=D:\\school\\softwarelogic\\spiral\\spiral-project\\.lake\\packages\\Cli\\.lake\\build\\lib\\lean;D:\\school\\softwarelogic\\spiral\\spiral-project\\.lake\\packages\\batteries\\.lake\\build\\lib\\lean;D:\\school\\softwarelogic\\spiral\\spiral-project\\.lake\\packages\\Qq\\.lake\\build\\lib\\lean;D:\\school\\softwarelogic\\spiral\\spiral-project\\.lake\\packages\\aesop\\.lake\\build\\lib\\lean;D:\\school\\softwarelogic\\spiral\\spiral-project\\.lake\\packages\\proofwidgets\\.lake\\build\\lib\\lean;D:\\school\\softwarelogic\\spiral\\spiral-project\\.lake\\packages\\importGraph\\.lake\\build\\lib\\lean;D:\\school\\softwarelogic\\spiral\\spiral-project\\.lake\\packages\\LeanSearchClient\\.lake\\build\\lib\\lean;D:\\school\\softwarelogic\\spiral\\spiral-project\\.lake\\packages\\plausible\\.lake\\build\\lib\\lean;D:\\school\\softwarelogic\\spiral\\spiral-project\\.lake\\packages\\mathlib\\.lake\\build\\lib\\lean;D:\\school\\softwarelogic\\spiral\\spiral-project\\.lake\\build\\lib\\lean c:\\Users\\ash\\.elan\\toolchains\\leanprover--lean4---v4.29.0-rc6\\bin\\lean.exe D:\\school\\softwarelogic\\spiral\\spiral-project\\Spiral\\Geometry.lean -o D:\\school\\softwarelogic\\spiral\\spiral-project\\.lake\\build\\lib\\lean\\Spiral\\Geometry.olean -i D:\\school\\softwarelogic\\spiral\\spiral-project\\.lake\\build\\lib\\lean\\Spiral\\Geometry.ilean -c D:\\school\\softwarelogic\\spiral\\spiral-project\\.lake\\build\\ir\\Spiral\\Geometry.c --setup D:\\school\\softwarelogic\\spiral\\spiral-project\\.lake\\build\\ir\\Spiral\\Geometry.setup.json --json",
   "level": "trace"}],
 "inputs":
 [["Spiral.Geometry:deps",
   [["deps",
     [["spiral/Spiral:extraDep", [["@spiral:extraDep", "00000000000006bb"]]],
      ["imports",
       [["Mathlib.Algebra.Module.Defs transitive imports (legacy)",
         "5b9c53e78613748b"],
        ["Mathlib.Algebra.Module.Defs:importAllArts", "ab80f3c718ffb9d5"],
        ["Mathlib.Algebra.AddTorsor.Defs transitive imports (legacy)",
         "81732f2e8f6e6788"],
        ["Mathlib.Algebra.AddTorsor.Defs:importAllArts", "df90bda59a20e7d8"],
        ["Mathlib.Tactic transitive imports (legacy)", "39053258756a876f"],
        ["Mathlib.Tactic:importAllArts", "19b9cea117d7526d"]]]]],
    ["libs",
     [["import dynlibs", "00000000000006bb"],
      ["package external libraries", "00000000000006bb"],
      ["module dynlibs", "00000000000006bb"],
      ["module plugins", "00000000000006bb"]]]]],
  ["Lean 4.29.0, commit 00659f8e6071d7e46131ed643bf8003b99b044e9",
   "d4ef66a63896cd60"],
  ["D:\\school\\softwarelogic\\spiral\\spiral-project\\Spiral\\Geometry.lean",
   "ecef7b6cc27ae07d"],
  ["options", "00000000000006bb"],
  ["isModule: false", "feefd2a0d3a1847e"],
  ["Module.name: Spiral.Geometry", "e6895bd8ca0c828a"],
  ["Package.id?: (some spiral)", "019d783774b5d7ea"],
  ["Module.leanArgs: #[]", "00000000000006bb"]],
 "depHash": "c5f7e977994cee8f"}